{
  "0 debug pnpm:scope": {
    "selected": 1
  },
  "1 error pnpm": {
    "errno": 1,
    "code": "ELIFECYCLE",
    "pkgid": "vite_ruby_monorepo@1.0.0",
    "stage": "release",
    "script": "node scripts/release \"vite_rails\"",
    "pkgname": "vite_ruby_monorepo",
    "err": {
      "name": "pnpm",
      "message": "vite_ruby_monorepo@1.0.0 release: `node scripts/release \"vite_rails\"`\nExit status 1",
      "code": "ELIFECYCLE",
      "stack": "pnpm: vite_ruby_monorepo@1.0.0 release: `node scripts/release \"vite_rails\"`\nExit status 1\n    at EventEmitter.<anonymous> (/Users/maximomussini/.fnm/node-versions/v16.13.1/installation/lib/node_modules/pnpm/dist/pnpm.cjs:103853:20)\n    at EventEmitter.emit (node:events:390:28)\n    at ChildProcess.<anonymous> (/Users/maximomussini/.fnm/node-versions/v16.13.1/installation/lib/node_modules/pnpm/dist/pnpm.cjs:91782:18)\n    at ChildProcess.emit (node:events:390:28)\n    at maybeClose (node:internal/child_process:1064:16)\n    at Process.ChildProcess._handle.onexit (node:internal/child_process:301:5)"
    }
  },
  "2 warn pnpm:global": " Local package.json exists, but node_modules missing, did you mean to install?"
}